# JRE version: OpenJDK Runtime Environment (8.0_242-b01) (build 1.8.0_242-release-1644-b01)
# Java VM: OpenJDK 64-Bit Server VM (25.242-b01 mixed mode windows-amd64 compressed oops)
Heap:
 PSYoungGen      total 301056K, used 47605K [0x00000000d5580000, 0x00000000ec600000, 0x0000000100000000)
  eden space 253440K, 0% used [0x00000000d5580000,0x00000000d5580000,0x00000000e4d00000)
  from space 47616K, 99% used [0x00000000e4d00000,0x00000000e7b7d5e0,0x00000000e7b80000)
  to   space 33792K, 0% used [0x00000000e7b80000,0x00000000e7b80000,0x00000000e9c80000)
 ParOldGen       total 124928K, used 103693K [0x0000000080000000, 0x0000000087a00000, 0x00000000d5580000)
  object space 124928K, 83% used [0x0000000080000000,0x0000000086543708,0x0000000087a00000)
 Metaspace       used 87779K, capacity 93444K, committed 93608K, reserved 1130496K
  class space    used 12088K, capacity 13197K, committed 13232K, reserved 1048576K
GC Heap History (10 events):
Event: 15.693 GC heap after
Heap after GC invocations=16 (full 3):
 PSYoungGen      total 212480K, used 19943K [0x00000000d5580000, 0x00000000e6500000, 0x0000000100000000)
  eden space 192512K, 0% used [0x00000000d5580000,0x00000000d5580000,0x00000000e1180000)
  from space 19968K, 99% used [0x00000000e1180000,0x00000000e24f9cc8,0x00000000e2500000)
  to   space 24576K, 0% used [0x00000000e4d00000,0x00000000e4d00000,0x00000000e6500000)
 ParOldGen       total 124928K, used 37692K [0x0000000080000000, 0x0000000087a00000, 0x00000000d5580000)
  object space 124928K, 30% used [0x0000000080000000,0x00000000824cf328,0x0000000087a00000)
 Metaspace       used 64516K, capacity 67632K, committed 67880K, reserved 1107968K
  class space    used 8909K, capacity 9520K, committed 9520K, reserved 1048576K
}
Event: 17.897 GC heap before
{Heap before GC invocations=17 (full 3):
 PSYoungGen      total 212480K, used 212455K [0x00000000d5580000, 0x00000000e6500000, 0x0000000100000000)
  eden space 192512K, 100% used [0x00000000d5580000,0x00000000e1180000,0x00000000e1180000)
  from space 19968K, 99% used [0x00000000e1180000,0x00000000e24f9cc8,0x00000000e2500000)
  to   space 24576K, 0% used [0x00000000e4d00000,0x00000000e4d00000,0x00000000e6500000)
 ParOldGen       total 124928K, used 37692K [0x0000000080000000, 0x0000000087a00000, 0x00000000d5580000)
  object space 124928K, 30% used [0x0000000080000000,0x00000000824cf328,0x0000000087a00000)
 Metaspace       used 66298K, capacity 69648K, committed 69928K, reserved 1110016K
  class space    used 9114K, capacity 9716K, committed 9776K, reserved 1048576K
Event: 17.935 GC heap after
Heap after GC invocations=17 (full 3):
 PSYoungGen      total 251904K, used 18214K [0x00000000d5580000, 0x00000000e6800000, 0x0000000100000000)
  eden space 227328K, 0% used [0x00000000d5580000,0x00000000d5580000,0x00000000e3380000)
  from space 24576K, 74% used [0x00000000e4d00000,0x00000000e5ec9a08,0x00000000e6500000)
  to   space 26112K, 0% used [0x00000000e3380000,0x00000000e3380000,0x00000000e4d00000)
 ParOldGen       total 124928K, used 37700K [0x0000000080000000, 0x0000000087a00000, 0x00000000d5580000)
  object space 124928K, 30% used [0x0000000080000000,0x00000000824d1328,0x0000000087a00000)
 Metaspace       used 66298K, capacity 69648K, committed 69928K, reserved 1110016K
  class space    used 9114K, capacity 9716K, committed 9776K, reserved 1048576K
}
Event: 23.644 GC heap before
{Heap before GC invocations=18 (full 3):
 PSYoungGen      total 251904K, used 245542K [0x00000000d5580000, 0x00000000e6800000, 0x0000000100000000)
  eden space 227328K, 100% used [0x00000000d5580000,0x00000000e3380000,0x00000000e3380000)
  from space 24576K, 74% used [0x00000000e4d00000,0x00000000e5ec9a08,0x00000000e6500000)
  to   space 26112K, 0% used [0x00000000e3380000,0x00000000e3380000,0x00000000e4d00000)
 ParOldGen       total 124928K, used 37700K [0x0000000080000000, 0x0000000087a00000, 0x00000000d5580000)
  object space 124928K, 30% used [0x0000000080000000,0x00000000824d1328,0x0000000087a00000)
 Metaspace       used 76800K, capacity 80392K, committed 80680K, reserved 1118208K
  class space    used 10337K, capacity 11019K, committed 11056K, reserved 1048576K
Event: 23.703 GC heap after
Heap after GC invocations=18 (full 3):
 PSYoungGen      total 253440K, used 26092K [0x00000000d5580000, 0x00000000e9c80000, 0x0000000100000000)
  eden space 227328K, 0% used [0x00000000d5580000,0x00000000d5580000,0x00000000e3380000)
  from space 26112K, 99% used [0x00000000e3380000,0x00000000e4cfb080,0x00000000e4d00000)
  to   space 33792K, 0% used [0x00000000e7b80000,0x00000000e7b80000,0x00000000e9c80000)
 ParOldGen       total 124928K, used 48731K [0x0000000080000000, 0x0000000087a00000, 0x00000000d5580000)
  object space 124928K, 39% used [0x0000000080000000,0x0000000082f96dc8,0x0000000087a00000)
 Metaspace       used 76800K, capacity 80392K, committed 80680K, reserved 1118208K
  class space    used 10337K, capacity 11019K, committed 11056K, reserved 1048576K
}
Event: 24.843 GC heap before
{Heap before GC invocations=19 (full 3):
 PSYoungGen      total 253440K, used 253420K [0x00000000d5580000, 0x00000000e9c80000, 0x0000000100000000)
  eden space 227328K, 100% used [0x00000000d5580000,0x00000000e3380000,0x00000000e3380000)
  from space 26112K, 99% used [0x00000000e3380000,0x00000000e4cfb080,0x00000000e4d00000)
  to   space 33792K, 0% used [0x00000000e7b80000,0x00000000e7b80000,0x00000000e9c80000)
 ParOldGen       total 124928K, used 48731K [0x0000000080000000, 0x0000000087a00000, 0x00000000d5580000)
  object space 124928K, 39% used [0x0000000080000000,0x0000000082f96dc8,0x0000000087a00000)
 Metaspace       used 79743K, capacity 83830K, committed 84008K, reserved 1122304K
  class space    used 10789K, capacity 11554K, committed 11568K, reserved 1048576K
Event: 24.907 GC heap after
Heap after GC invocations=19 (full 3):
 PSYoungGen      total 287232K, used 33764K [0x00000000d5580000, 0x00000000ec600000, 0x0000000100000000)
  eden space 253440K, 0% used [0x00000000d5580000,0x00000000d5580000,0x00000000e4d00000)
  from space 33792K, 99% used [0x00000000e7b80000,0x00000000e9c79120,0x00000000e9c80000)
  to   space 47616K, 0% used [0x00000000e4d00000,0x00000000e4d00000,0x00000000e7b80000)
 ParOldGen       total 124928K, used 71756K [0x0000000080000000, 0x0000000087a00000, 0x00000000d5580000)
  object space 124928K, 57% used [0x0000000080000000,0x0000000084613190,0x0000000087a00000)
 Metaspace       used 79743K, capacity 83830K, committed 84008K, reserved 1122304K
  class space    used 10789K, capacity 11554K, committed 11568K, reserved 1048576K
}
Event: 27.901 GC heap before
{Heap before GC invocations=20 (full 3):
 PSYoungGen      total 287232K, used 287204K [0x00000000d5580000, 0x00000000ec600000, 0x0000000100000000)
  eden space 253440K, 100% used [0x00000000d5580000,0x00000000e4d00000,0x00000000e4d00000)
  from space 33792K, 99% used [0x00000000e7b80000,0x00000000e9c79120,0x00000000e9c80000)
  to   space 47616K, 0% used [0x00000000e4d00000,0x00000000e4d00000,0x00000000e7b80000)
 ParOldGen       total 124928K, used 71756K [0x0000000080000000, 0x0000000087a00000, 0x00000000d5580000)
  object space 124928K, 57% used [0x0000000080000000,0x0000000084613190,0x0000000087a00000)
 Metaspace       used 87779K, capacity 93444K, committed 93608K, reserved 1130496K
  class space    used 12088K, capacity 13197K, committed 13232K, reserved 1048576K
Event: 28.018 GC heap after
Heap after GC invocations=20 (full 3):
 PSYoungGen      total 301056K, used 47605K [0x00000000d5580000, 0x00000000ec600000, 0x0000000100000000)
  eden space 253440K, 0% used [0x00000000d5580000,0x00000000d5580000,0x00000000e4d00000)
  from space 47616K, 99% used [0x00000000e4d00000,0x00000000e7b7d5e0,0x00000000e7b80000)
  to   space 33792K, 0% used [0x00000000e7b80000,0x00000000e7b80000,0x00000000e9c80000)
 ParOldGen       total 124928K, used 103693K [0x0000000080000000, 0x0000000087a00000, 0x00000000d5580000)
  object space 124928K, 83% used [0x0000000080000000,0x0000000086543708,0x0000000087a00000)
 Metaspace       used 87779K, capacity 93444K, committed 93608K, reserved 1130496K
  class space    used 12088K, capacity 13197K, committed 13232K, reserved 1048576K
}
Event: 28.018 GC heap before
{Heap before GC invocations=21 (full 4):
 PSYoungGen      total 301056K, used 47605K [0x00000000d5580000, 0x00000000ec600000, 0x0000000100000000)
  eden space 253440K, 0% used [0x00000000d5580000,0x00000000d5580000,0x00000000e4d00000)
  from space 47616K, 99% used [0x00000000e4d00000,0x00000000e7b7d5e0,0x00000000e7b80000)
  to   space 33792K, 0% used [0x00000000e7b80000,0x00000000e7b80000,0x00000000e9c80000)
 ParOldGen       total 124928K, used 103693K [0x0000000080000000, 0x0000000087a00000, 0x00000000d5580000)
  object space 124928K, 83% used [0x0000000080000000,0x0000000086543708,0x0000000087a00000)
 Metaspace       used 87779K, capacity 93444K, committed 93608K, reserved 1130496K
  class space    used 12088K, capacity 13197K, committed 13232K, reserved 1048576K

